<?xml version="1.0" encoding="UTF-8"?>
<testng-results ignored="0" total="2" passed="2" failed="0" skipped="0">
  <reporter-output>
  </reporter-output>
  <suite started-at="2022-04-23T15:58:34 CDT" name="Surefire suite" finished-at="2022-04-23T15:58:50 CDT" duration-ms="16486">
    <groups>
      <group name="cucumber">
        <method signature="AbstractTestNGCucumberTests.runScenario(io.cucumber.testng.PickleWrapper,io.cucumber.testng.FeatureWrapper)[pri:0, instance:StepDefinition.CucumberRunner@20ccf40b]" name="runScenario" class="io.cucumber.testng.AbstractTestNGCucumberTests"/>
      </group> <!-- cucumber -->
    </groups>
    <test started-at="2022-04-23T15:58:34 CDT" name="Surefire test" finished-at="2022-04-23T15:58:50 CDT" duration-ms="16486">
      <class name="StepDefinition.CucumberRunner">
        <test-method is-config="true" signature="setUpClass(org.testng.ITestContext)[pri:0, instance:StepDefinition.CucumberRunner@20ccf40b]" started-at="2022-04-23T15:58:34 CDT" name="setUpClass" finished-at="2022-04-23T15:58:34 CDT" duration-ms="436" status="PASS">
          <params>
            <param index="0">
              <value>
                <![CDATA[org.testng.TestRunner@96897c8]]>
              </value>
            </param>
          </params>
          <reporter-output>
          </reporter-output>
        </test-method> <!-- setUpClass -->
        <test-method signature="runScenario(io.cucumber.testng.PickleWrapper,io.cucumber.testng.FeatureWrapper)[pri:0, instance:StepDefinition.CucumberRunner@20ccf40b]" started-at="2022-04-23T15:58:34 CDT" name="runScenario" description="Runs Cucumber Scenarios" data-provider="scenarios" finished-at="2022-04-23T15:58:42 CDT" duration-ms="7506" status="PASS">
          <params>
            <param index="0">
              <value>
                <![CDATA["User to login to the web application"]]>
              </value>
            </param>
            <param index="1">
              <value>
                <![CDATA["Optional[Feature to test Login functionality]"]]>
              </value>
            </param>
          </params>
          <reporter-output>
          </reporter-output>
        </test-method> <!-- runScenario -->
        <test-method signature="runScenario(io.cucumber.testng.PickleWrapper,io.cucumber.testng.FeatureWrapper)[pri:0, instance:StepDefinition.CucumberRunner@20ccf40b]" started-at="2022-04-23T15:58:42 CDT" name="runScenario" description="Runs Cucumber Scenarios" data-provider="scenarios" finished-at="2022-04-23T15:58:48 CDT" duration-ms="6593" status="PASS">
          <params>
            <param index="0">
              <value>
                <![CDATA["User to login to the web application"]]>
              </value>
            </param>
            <param index="1">
              <value>
                <![CDATA["Optional[Feature to test Login functionality]"]]>
              </value>
            </param>
          </params>
          <reporter-output>
          </reporter-output>
        </test-method> <!-- runScenario -->
        <test-method is-config="true" signature="tearDownClass()[pri:0, instance:StepDefinition.CucumberRunner@20ccf40b]" started-at="2022-04-23T15:58:48 CDT" name="tearDownClass" finished-at="2022-04-23T15:58:50 CDT" duration-ms="1910" status="PASS">
          <reporter-output>
          </reporter-output>
        </test-method> <!-- tearDownClass -->
      </class> <!-- StepDefinition.CucumberRunner -->
    </test> <!-- Surefire test -->
  </suite> <!-- Surefire suite -->
</testng-results>
