<?xml version="1.0" encoding="UTF-8"?>
<testsuite xmlns:xsi="http://www.w3.org/2001/XMLSchema-instance" xsi:noNamespaceSchemaLocation="https://maven.apache.org/surefire/maven-surefire-plugin/xsd/surefire-test-report-3.0.xsd" version="3.0" name="StepDefinition.CucumberRunner" time="3.129" tests="2" errors="0" skipped="0" failures="0">
  <properties>
[...]
</properties>
  <testcase name="runScenario[&quot;User to login to the web application&quot;, &quot;Optional[Feature to test Login functionality]&quot;](1)" classname="StepDefinition.CucumberRunner" time="0.116">
    <system-out><![CDATA[
@Login
Scenario Outline: User to login to the web application # src/test/resources/features/login.feature:11
User is in Login page
  Given user is on login page                          # StepDefinition.LoginStepDef.user_is_on_login_page()
User enters userid: user2and password astest123
  When user enters the "user2" and "test123"           # StepDefinition.LoginStepDef.user_enters_the_and(java.lang.String,java.lang.String)
User clicked Login Button
  And clicks on Login button                           # StepDefinition.LoginStepDef.clicks_on_login_button()
User navigated to home page
  Then users is navigated to homepage                  # StepDefinition.LoginStepDef.users_is_navigated_to_homepage()
]]></system-out>
    <system-err><![CDATA[SLF4J: Failed to load class "org.slf4j.impl.StaticLoggerBinder".
SLF4J: Defaulting to no-operation (NOP) logger implementation
SLF4J: See http://www.slf4j.org/codes.html#StaticLoggerBinder for further details.
]]></system-err>
  </testcase>
  <testcase name="runScenario[&quot;User to login to the web application&quot;, &quot;Optional[Feature to test Login functionality]&quot;](2)" classname="StepDefinition.CucumberRunner" time="0.014">
    <system-out><![CDATA[
@Login
Scenario Outline: User to login to the web application # src/test/resources/features/login.feature:12
User is in Login page
  Given user is on login page                          # StepDefinition.LoginStepDef.user_is_on_login_page()
User enters userid: user1and password astest123
  When user enters the "user1" and "test123"           # StepDefinition.LoginStepDef.user_enters_the_and(java.lang.String,java.lang.String)
User clicked Login Button
  And clicks on Login button                           # StepDefinition.LoginStepDef.clicks_on_login_button()
User navigated to home page
  Then users is navigated to homepage                  # StepDefinition.LoginStepDef.users_is_navigated_to_homepage()
]]></system-out>
  </testcase>
</testsuite>