<?xml version="1.0" encoding="UTF-8"?>
<!-- Generated by org.testng.reporters.JUnitXMLReporter -->
<testsuite ignored="0" hostname="DESKTOP-2T3LOQC" failures="2" tests="2" name="Default test" time="15.482" errors="0" timestamp="2022-04-23T22:54:42 CDT">
  <testcase classname="io.cucumber.testng.AbstractTestNGCucumberTests" name="runScenario" time="7.128">
    <failure type="java.lang.AssertionError" message="expected [Compose] but found [compose]">
      <![CDATA[java.lang.AssertionError: expected [Compose] but found [compose]
at org.testng.Assert.fail(Assert.java:110)
at org.testng.Assert.failNotEquals(Assert.java:1413)
at org.testng.Assert.assertEqualsImpl(Assert.java:149)
at org.testng.Assert.assertEquals(Assert.java:131)
at org.testng.Assert.assertEquals(Assert.java:655)
at org.testng.Assert.assertEquals(Assert.java:665)
at StepDefinition.LoginStepDef.users_is_navigated_to_homepage(LoginStepDef.java:53)
at ✽.users is navigated to homepage(file:///C:/Users/ramku/git/cucumberJava/cucumberJava/src/test/resources/features/login.feature:8)
]]>
    </failure>
  </testcase> <!-- runScenario -->
  <testcase classname="io.cucumber.testng.AbstractTestNGCucumberTests" name="runScenario" time="5.962">
    <failure type="java.lang.AssertionError" message="expected [Compose] but found [compose]">
      <![CDATA[java.lang.AssertionError: expected [Compose] but found [compose]
at org.testng.Assert.fail(Assert.java:110)
at org.testng.Assert.failNotEquals(Assert.java:1413)
at org.testng.Assert.assertEqualsImpl(Assert.java:149)
at org.testng.Assert.assertEquals(Assert.java:131)
at org.testng.Assert.assertEquals(Assert.java:655)
at org.testng.Assert.assertEquals(Assert.java:665)
at StepDefinition.LoginStepDef.users_is_navigated_to_homepage(LoginStepDef.java:53)
at ✽.users is navigated to homepage(file:///C:/Users/ramku/git/cucumberJava/cucumberJava/src/test/resources/features/login.feature:8)
]]>
    </failure>
  </testcase> <!-- runScenario -->
</testsuite> <!-- Default test -->
